<?xml version="1.0" encoding="UTF-8"?>
<!-- Generated by org.testng.reporters.JUnitReportReporter -->
<testsuite hostname="DESKTOP-NUKVV8T" failures="0" tests="2" name="com.insurance.tests.LoginTest" time="1.710" errors="0" timestamp="2025-09-06T12:38:05 IST" skipped="0">
  <testcase classname="com.insurance.tests.LoginTest" name="validLoginTest" time="1.142"/>
  <testcase classname="com.insurance.tests.LoginTest" name="invalidLoginTest" time="0.568"/>
</testsuite> <!-- com.insurance.tests.LoginTest -->
