<?xml version="1.0" encoding="UTF-8"?>
<!-- Generated by org.testng.reporters.JUnitReportReporter -->
<testsuite hostname="DESKTOP-NUKVV8T" failures="0" tests="2" name="com.insurance.tests.PaymentTest" time="3.063" errors="0" timestamp="2025-09-06T12:38:23 IST" skipped="0">
  <testcase classname="com.insurance.tests.PaymentTest" name="createPaymentTest" time="1.930"/>
  <testcase classname="com.insurance.tests.PaymentTest" name="deletePaymentTest" time="1.133"/>
</testsuite> <!-- com.insurance.tests.PaymentTest -->
