<?xml version="1.0" encoding="UTF-8"?>
<!-- Generated by org.testng.reporters.JUnitReportReporter -->
<testsuite hostname="DESKTOP-NUKVV8T" failures="0" tests="2" name="com.insurance.tests.ClaimTest" time="2.814" errors="0" timestamp="2025-09-06T12:37:42 IST" skipped="0">
  <testcase classname="com.insurance.tests.ClaimTest" name="createClaimTest" time="1.642"/>
  <testcase classname="com.insurance.tests.ClaimTest" name="deleteClaimTest" time="1.172"/>
</testsuite> <!-- com.insurance.tests.ClaimTest -->
